android/app/build/intermediates/manifest_merge_blame_file/debug/manifest-merger-blame-debug-report.txt
1<?xml version="1.0" encoding="utf-8"?>
2<manifest xmlns:android="http://schemas.android.com/apk/res/android"
3    package="com.newapp"
4    android:versionCode="1"
5    android:versionName="1.0" >
6
7    <uses-sdk
8        android:minSdkVersion="21"
9        android:targetSdkVersion="34" />
10
11    <uses-permission android:name="android.permission.INTERNET" />
11-->src\main\AndroidManifest.xml:3:5-67
11-->src\main\AndroidManifest.xml:3:22-64
12    <uses-permission android:name="android.permission.WAKE_LOCK" />
12-->[:react-native-track-player] AndroidManifest.xml:7:5-68
12-->[:react-native-track-player] AndroidManifest.xml:7:22-65
13    <uses-permission android:name="android.permission.FOREGROUND_SERVICE" />
13-->[:react-native-track-player] AndroidManifest.xml:8:5-77
13-->[:react-native-track-player] AndroidManifest.xml:8:22-74
14    <uses-permission android:name="android.permission.FOREGROUND_SERVICE_MEDIA_PLAYBACK" />
14-->[:react-native-track-player] AndroidManifest.xml:9:5-92
14-->[:react-native-track-player] AndroidManifest.xml:9:22-89
15    <!--
16    This manifest file is used only by Gradle to configure debug-only capabilities
17    for React Native Apps.
18    -->
19    <uses-permission android:name="android.permission.SYSTEM_ALERT_WINDOW" />
19-->[com.facebook.react:react-android:0.73.4] AndroidManifest.xml:16:5-78
19-->[com.facebook.react:react-android:0.73.4] AndroidManifest.xml:16:22-75
20    <uses-permission android:name="android.permission.ACCESS_WIFI_STATE" />
20-->[com.facebook.flipper:flipper:0.201.0] AndroidManifest.xml:14:5-76
20-->[com.facebook.flipper:flipper:0.201.0] AndroidManifest.xml:14:22-73
21    <uses-permission android:name="android.permission.ACCESS_NETWORK_STATE" />
21-->[com.google.android.exoplayer:exoplayer-core:2.19.0] AndroidManifest.xml:24:5-79
21-->[com.google.android.exoplayer:exoplayer-core:2.19.0] AndroidManifest.xml:24:22-76
22
23    <permission
23-->[androidx.core:core:1.9.0] AndroidManifest.xml:22:5-24:47
24        android:name="com.newapp.DYNAMIC_RECEIVER_NOT_EXPORTED_PERMISSION"
24-->[androidx.core:core:1.9.0] AndroidManifest.xml:23:9-81
25        android:protectionLevel="signature" />
25-->[androidx.core:core:1.9.0] AndroidManifest.xml:24:9-44
26
27    <uses-permission android:name="com.newapp.DYNAMIC_RECEIVER_NOT_EXPORTED_PERMISSION" />
27-->[androidx.core:core:1.9.0] AndroidManifest.xml:26:5-97
27-->[androidx.core:core:1.9.0] AndroidManifest.xml:26:22-94
28
29    <queries>
29-->[androidx.test:runner:1.4.0] AndroidManifest.xml:24:5-28:15
30        <package android:name="androidx.test.orchestrator" />
30-->[androidx.test:runner:1.4.0] AndroidManifest.xml:25:9-62
30-->[androidx.test:runner:1.4.0] AndroidManifest.xml:25:18-59
31        <package android:name="androidx.test.services" />
31-->[androidx.test:runner:1.4.0] AndroidManifest.xml:26:9-58
31-->[androidx.test:runner:1.4.0] AndroidManifest.xml:26:18-55
32        <package android:name="com.google.android.apps.common.testing.services" />
32-->[androidx.test:runner:1.4.0] AndroidManifest.xml:27:9-83
32-->[androidx.test:runner:1.4.0] AndroidManifest.xml:27:18-80
33    </queries>
34
35    <application
35-->src\main\AndroidManifest.xml:5:5-24:19
36        android:name="com.newapp.MainApplication"
36-->src\main\AndroidManifest.xml:6:7-38
37        android:allowBackup="false"
37-->src\main\AndroidManifest.xml:10:7-34
38        android:appComponentFactory="androidx.core.app.CoreComponentFactory"
38-->[androidx.core:core:1.9.0] AndroidManifest.xml:28:18-86
39        android:debuggable="true"
40        android:extractNativeLibs="true"
41        android:icon="@mipmap/ic_launcher"
41-->src\main\AndroidManifest.xml:8:7-41
42        android:label="@string/app_name"
42-->src\main\AndroidManifest.xml:7:7-39
43        android:roundIcon="@mipmap/ic_launcher_round"
43-->src\main\AndroidManifest.xml:9:7-52
44        android:theme="@style/AppTheme"
44-->src\main\AndroidManifest.xml:11:7-38
45        android:usesCleartextTraffic="true" >
45-->src\debug\AndroidManifest.xml:6:9-44
46        <activity
46-->src\main\AndroidManifest.xml:12:7-23:18
47            android:name="com.newapp.MainActivity"
47-->src\main\AndroidManifest.xml:13:9-37
48            android:configChanges="keyboard|keyboardHidden|orientation|screenLayout|screenSize|smallestScreenSize|uiMode"
48-->src\main\AndroidManifest.xml:15:9-118
49            android:exported="true"
49-->src\main\AndroidManifest.xml:18:9-32
50            android:label="@string/app_name"
50-->src\main\AndroidManifest.xml:14:9-41
51            android:launchMode="singleTask"
51-->src\main\AndroidManifest.xml:16:9-40
52            android:windowSoftInputMode="adjustResize" >
52-->src\main\AndroidManifest.xml:17:9-51
53            <intent-filter>
53-->src\main\AndroidManifest.xml:19:9-22:25
54                <action android:name="android.intent.action.MAIN" />
54-->src\main\AndroidManifest.xml:20:13-65
54-->src\main\AndroidManifest.xml:20:21-62
55
56                <category android:name="android.intent.category.LAUNCHER" />
56-->src\main\AndroidManifest.xml:21:13-73
56-->src\main\AndroidManifest.xml:21:23-70
57            </intent-filter>
58        </activity>
59
60        <provider
60-->[:react-native-image-picker] AndroidManifest.xml:8:9-16:20
61            android:name="com.imagepicker.ImagePickerProvider"
61-->[:react-native-image-picker] AndroidManifest.xml:9:13-63
62            android:authorities="com.newapp.imagepickerprovider"
62-->[:react-native-image-picker] AndroidManifest.xml:10:13-71
63            android:exported="false"
63-->[:react-native-image-picker] AndroidManifest.xml:11:13-37
64            android:grantUriPermissions="true" >
64-->[:react-native-image-picker] AndroidManifest.xml:12:13-47
65            <meta-data
65-->[:react-native-image-picker] AndroidManifest.xml:13:13-15:70
66                android:name="android.support.FILE_PROVIDER_PATHS"
66-->[:react-native-image-picker] AndroidManifest.xml:14:17-67
67                android:resource="@xml/imagepicker_provider_paths" />
67-->[:react-native-image-picker] AndroidManifest.xml:15:17-67
68        </provider> <!-- The main service, handles playback, playlists and media buttons -->
69        <service
69-->[:react-native-track-player] AndroidManifest.xml:14:9-22:19
70            android:name="com.doublesymmetry.trackplayer.service.MusicService"
70-->[:react-native-track-player] AndroidManifest.xml:15:13-79
71            android:enabled="true"
71-->[:react-native-track-player] AndroidManifest.xml:16:13-35
72            android:exported="true"
72-->[:react-native-track-player] AndroidManifest.xml:17:13-36
73            android:foregroundServiceType="mediaPlayback" >
73-->[:react-native-track-player] AndroidManifest.xml:18:13-58
74            <intent-filter>
74-->[:react-native-track-player] AndroidManifest.xml:19:13-21:29
75                <action android:name="android.intent.action.MEDIA_BUTTON" />
75-->[:react-native-track-player] AndroidManifest.xml:20:17-77
75-->[:react-native-track-player] AndroidManifest.xml:20:25-74
76            </intent-filter>
77        </service>
78
79        <activity
79-->[com.facebook.react:react-android:0.73.4] AndroidManifest.xml:19:9-21:40
80            android:name="com.facebook.react.devsupport.DevSettingsActivity"
80-->[com.facebook.react:react-android:0.73.4] AndroidManifest.xml:20:13-77
81            android:exported="false" />
81-->[com.facebook.react:react-android:0.73.4] AndroidManifest.xml:21:13-37
82
83        <provider
83-->[androidx.emoji2:emoji2:1.2.0] AndroidManifest.xml:24:9-32:20
84            android:name="androidx.startup.InitializationProvider"
84-->[androidx.emoji2:emoji2:1.2.0] AndroidManifest.xml:25:13-67
85            android:authorities="com.newapp.androidx-startup"
85-->[androidx.emoji2:emoji2:1.2.0] AndroidManifest.xml:26:13-68
86            android:exported="false" >
86-->[androidx.emoji2:emoji2:1.2.0] AndroidManifest.xml:27:13-37
87            <meta-data
87-->[androidx.emoji2:emoji2:1.2.0] AndroidManifest.xml:29:13-31:52
88                android:name="androidx.emoji2.text.EmojiCompatInitializer"
88-->[androidx.emoji2:emoji2:1.2.0] AndroidManifest.xml:30:17-75
89                android:value="androidx.startup" />
89-->[androidx.emoji2:emoji2:1.2.0] AndroidManifest.xml:31:17-49
90            <meta-data
90-->[androidx.lifecycle:lifecycle-process:2.5.1] AndroidManifest.xml:31:13-33:52
91                android:name="androidx.lifecycle.ProcessLifecycleInitializer"
91-->[androidx.lifecycle:lifecycle-process:2.5.1] AndroidManifest.xml:32:17-78
92                android:value="androidx.startup" />
92-->[androidx.lifecycle:lifecycle-process:2.5.1] AndroidManifest.xml:33:17-49
93        </provider>
94
95        <meta-data
95-->[com.facebook.soloader:soloader:0.10.5] AndroidManifest.xml:12:9-14:37
96            android:name="com.facebook.soloader.enabled"
96-->[com.facebook.soloader:soloader:0.10.5] AndroidManifest.xml:13:13-57
97            android:value="false" />
97-->[com.facebook.soloader:soloader:0.10.5] AndroidManifest.xml:14:13-34
98    </application>
99
100</manifest>